<?xml version="1.0" encoding="UTF-8"?>
<!-- Generated by org.testng.reporters.JUnitXMLReporter -->
<testsuite ignored="0" hostname="pacman" failures="0" tests="2" name="Error Validation" time="22.334" errors="0" timestamp="2024-09-09T09:32:53 IST">
  <testcase classname="Pacman.SeleniumFrameworkDesign.tests.ErrorValidationTest" name="LoginErrorValidation" time="1.192"/>
  <testcase classname="Pacman.SeleniumFrameworkDesign.tests.ErrorValidationTest" name="ProductErrorValidation" time="9.406"/>
</testsuite> <!-- Error Validation -->
