<?xml version="1.0" encoding="UTF-8"?>
<!-- Generated by org.testng.reporters.JUnitXMLReporter -->
<testsuite ignored="2" hostname="pacman" failures="0" tests="0" time="0.018" errors="0" timestamp="2024-11-10T17:06:52 IST">
  <testcase classname="Pacman.SeleniumFrameworkDesign.tests.ErrorValidationTest" name="LoginErrorValidation" time="0.0">
    <ignored/>
  </testcase> <!-- LoginErrorValidation -->
  <testcase classname="Pacman.SeleniumFrameworkDesign.tests.ErrorValidationTest" name="ProductErrorValidation" time="0.0">
    <ignored/>
  </testcase> <!-- ProductErrorValidation -->
</testsuite>
