<?xml version="1.0" encoding="UTF-8"?>
<!-- Generated by org.testng.reporters.JUnitXMLReporter -->
<testsuite ignored="1" hostname="pacman" failures="2" tests="2" name="Submit Order Test" time="31.29" errors="0" timestamp="2024-11-10T17:07:24 IST">
  <testcase classname="Pacman.SeleniumFrameworkDesign.tests.SubmitOrderTest" name="submitOrder" time="8.958">
    <failure type="java.lang.NullPointerException" message="Cannot invoke &amp;quot;java.lang.CharSequence.toString()&amp;quot; because &amp;quot;s&amp;quot; is null">
      <![CDATA[java.lang.NullPointerException: Cannot invoke "java.lang.CharSequence.toString()" because "s" is null
at java.base/java.lang.String.contains(String.java:2856)
at Pacman.SeleniumFrameworkDesign.pageObjects.CartPage.lambda$0(CartPage.java:35)
at java.base/java.util.stream.MatchOps$1MatchSink.accept(MatchOps.java:90)
at java.base/java.util.ArrayList$ArrayListSpliterator.tryAdvance(ArrayList.java:1602)
at java.base/java.util.stream.ReferencePipeline.forEachWithCancel(ReferencePipeline.java:129)
at java.base/java.util.stream.AbstractPipeline.copyIntoWithCancel(AbstractPipeline.java:527)
at java.base/java.util.stream.AbstractPipeline.copyInto(AbstractPipeline.java:513)
at java.base/java.util.stream.AbstractPipeline.wrapAndCopyInto(AbstractPipeline.java:499)
at java.base/java.util.stream.MatchOps$MatchOp.evaluateSequential(MatchOps.java:230)
at java.base/java.util.stream.MatchOps$MatchOp.evaluateSequential(MatchOps.java:196)
at java.base/java.util.stream.AbstractPipeline.evaluate(AbstractPipeline.java:234)
at java.base/java.util.stream.ReferencePipeline.anyMatch(ReferencePipeline.java:632)
at Pacman.SeleniumFrameworkDesign.pageObjects.CartPage.verifyProductDisplay(CartPage.java:35)
at Pacman.SeleniumFrameworkDesign.tests.SubmitOrderTest.submitOrder(SubmitOrderTest.java:38)
at java.base/java.util.ArrayList.forEach(ArrayList.java:1511)
at java.base/java.util.concurrent.FutureTask.run(FutureTask.java:264)
at java.base/java.util.concurrent.ThreadPoolExecutor.runWorker(ThreadPoolExecutor.java:1136)
at java.base/java.util.concurrent.ThreadPoolExecutor$Worker.run(ThreadPoolExecutor.java:635)
at java.base/java.lang.Thread.run(Thread.java:840)
... Removed 17 stack frames]]>
    </failure>
  </testcase> <!-- submitOrder -->
  <testcase classname="Pacman.SeleniumFrameworkDesign.tests.SubmitOrderTest" name="submitOrder" time="8.974">
    <failure type="java.lang.NullPointerException" message="Cannot invoke &amp;quot;java.lang.CharSequence.toString()&amp;quot; because &amp;quot;s&amp;quot; is null">
      <![CDATA[java.lang.NullPointerException: Cannot invoke "java.lang.CharSequence.toString()" because "s" is null
at java.base/java.lang.String.contains(String.java:2856)
at Pacman.SeleniumFrameworkDesign.pageObjects.CartPage.lambda$0(CartPage.java:35)
at java.base/java.util.stream.MatchOps$1MatchSink.accept(MatchOps.java:90)
at java.base/java.util.ArrayList$ArrayListSpliterator.tryAdvance(ArrayList.java:1602)
at java.base/java.util.stream.ReferencePipeline.forEachWithCancel(ReferencePipeline.java:129)
at java.base/java.util.stream.AbstractPipeline.copyIntoWithCancel(AbstractPipeline.java:527)
at java.base/java.util.stream.AbstractPipeline.copyInto(AbstractPipeline.java:513)
at java.base/java.util.stream.AbstractPipeline.wrapAndCopyInto(AbstractPipeline.java:499)
at java.base/java.util.stream.MatchOps$MatchOp.evaluateSequential(MatchOps.java:230)
at java.base/java.util.stream.MatchOps$MatchOp.evaluateSequential(MatchOps.java:196)
at java.base/java.util.stream.AbstractPipeline.evaluate(AbstractPipeline.java:234)
at java.base/java.util.stream.ReferencePipeline.anyMatch(ReferencePipeline.java:632)
at Pacman.SeleniumFrameworkDesign.pageObjects.CartPage.verifyProductDisplay(CartPage.java:35)
at Pacman.SeleniumFrameworkDesign.tests.SubmitOrderTest.submitOrder(SubmitOrderTest.java:38)
at java.base/java.util.ArrayList.forEach(ArrayList.java:1511)
at java.base/java.util.concurrent.FutureTask.run(FutureTask.java:264)
at java.base/java.util.concurrent.ThreadPoolExecutor.runWorker(ThreadPoolExecutor.java:1136)
at java.base/java.util.concurrent.ThreadPoolExecutor$Worker.run(ThreadPoolExecutor.java:635)
at java.base/java.lang.Thread.run(Thread.java:840)
... Removed 17 stack frames]]>
    </failure>
  </testcase> <!-- submitOrder -->
  <testcase classname="Pacman.SeleniumFrameworkDesign.tests.SubmitOrderTest" name="OrderHIstoryTest" time="0.0">
    <ignored/>
  </testcase> <!-- OrderHIstoryTest -->
</testsuite> <!-- Submit Order Test -->
